2021-11-06T06:18:01+00:00 CRITICAL Uncaught TypeError: array_column(): Argument #1 ($array) must be of type array, string given in C:\xampp2\htdocs\project-wordpress\wp-content\plugins\woocommerce\packages\woocommerce-admin\src\RemoteInboxNotifications\Transformers\ArrayColumn.php:27
Stack trace:
#0 C:\xampp2\htdocs\project-wordpress\wp-content\plugins\woocommerce\packages\woocommerce-admin\src\RemoteInboxNotifications\Transformers\ArrayColumn.php(27): array_column('', 'slug')
#1 C:\xampp2\htdocs\project-wordpress\wp-content\plugins\woocommerce\packages\woocommerce-admin\src\RemoteInboxNotifications\TransformerService.php(59): Automattic\WooCommerce\Admin\RemoteInboxNotifications\Transformers\ArrayColumn->transform('', Object(stdClass), '')
#2 C:\xampp2\htdocs\project-wordpress\wp-content\plugins\woocommerce\packages\woocommerce-admin\src\RemoteInboxNotifications\OptionRuleProcessor.php(45): Automattic\WooCommerce\Admin\RemoteInboxNotifications\TransformerService::apply('', Array, '')
#3 C:\xampp2\htdocs\project-wordpress\wp-content\plugins\woocommerce\packages\woocommerce-admin\src\RemoteInboxNotifications\RuleEvaluator.php(62): Automattic\WooCommerce\Admin\RemoteInboxNotifications\OptionRuleProcessor->process(Object(stdClass), NULL)
#4 C:\xampp2\htdocs\project-wordpress\wp-content\plugins\woocommerce\packages\woocommerce-admin\src\Features\RemoteFreeExtensions\EvaluateExtension.php(27): Automattic\WooCommerce\Admin\RemoteInboxNotifications\RuleEvaluator->evaluate(Array)
#5 C:\xampp2\htdocs\project-wordpress\wp-content\plugins\woocommerce\packages\woocommerce-admin\src\Features\RemoteFreeExtensions\Init.php(48): Automattic\WooCommerce\Admin\Features\RemoteFreeExtensions\EvaluateExtension::evaluate(Object(stdClass))
#6 C:\xampp2\htdocs\project-wordpress\wp-content\plugins\woocommerce\packages\woocommerce-admin\src\API\OnboardingFreeExtensions.php(75): Automattic\WooCommerce\Admin\Features\RemoteFreeExtensions\Init::get_extensions()
#7 C:\xampp2\htdocs\project-wordpress\wp-includes\rest-api\class-wp-rest-server.php(1140): Automattic\WooCommerce\Admin\API\OnboardingFreeExtensions->get_available_extensions(Object(WP_REST_Request))
#8 C:\xampp2\htdocs\project-wordpress\wp-includes\rest-api\class-wp-rest-server.php(987): WP_REST_Server->respond_to_request(Object(WP_REST_Request), '/wc-admin/onboa...', Array, NULL)
#9 C:\xampp2\htdocs\project-wordpress\wp-includes\rest-api\class-wp-rest-server.php(414): WP_REST_Server->dispatch(Object(WP_REST_Request))
#10 C:\xampp2\htdocs\project-wordpress\wp-includes\rest-api.php(370): WP_REST_Server->serve_request('/wc-admin/onboa...')
#11 C:\xampp2\htdocs\project-wordpress\wp-includes\class-wp-hook.php(303): rest_api_loaded(Object(WP))
#12 C:\xampp2\htdocs\project-wordpress\wp-includes\class-wp-hook.php(327): WP_Hook->apply_filters(NULL, Array)
#13 C:\xampp2\htdocs\project-wordpress\wp-includes\plugin.php(518): WP_Hook->do_action(Array)
#14 C:\xampp2\htdocs\project-wordpress\wp-includes\class-wp.php(388): do_action_ref_array('parse_request', Array)
#15 C:\xampp2\htdocs\project-wordpress\wp-includes\class-wp.php(750): WP->parse_request('')
#16 C:\xampp2\htdocs\project-wordpress\wp-includes\functions.php(1291): WP->main('')
#17 C:\xampp2\htdocs\project-wordpress\wp-blog-header.php(16): wp()
#18 C:\xampp2\htdocs\project-wordpress\index.php(17): require('C:\\xampp2\\htdoc...')
#19 {main}
  thrown in C:\xampp2\htdocs\project-wordpress\wp-content\plugins\woocommerce\packages\woocommerce-admin\src\RemoteInboxNotifications\Transformers\ArrayColumn.php on line 27

2021-11-06T06:27:17+00:00 CRITICAL Out of memory (allocated 10485760) (tried to allocate 32768 bytes) in C:\xampp2\htdocs\project-wordpress\wp-admin\includes\update.php on line 384

2021-11-06T07:33:31+00:00 CRITICAL Uncaught TypeError: array_column(): Argument #1 ($array) must be of type array, string given in C:\xampp2\htdocs\project-wordpress\wp-content\plugins\woocommerce\packages\woocommerce-admin\src\RemoteInboxNotifications\Transformers\ArrayColumn.php:27
Stack trace:
#0 C:\xampp2\htdocs\project-wordpress\wp-content\plugins\woocommerce\packages\woocommerce-admin\src\RemoteInboxNotifications\Transformers\ArrayColumn.php(27): array_column('', 'slug')
#1 C:\xampp2\htdocs\project-wordpress\wp-content\plugins\woocommerce\packages\woocommerce-admin\src\RemoteInboxNotifications\TransformerService.php(59): Automattic\WooCommerce\Admin\RemoteInboxNotifications\Transformers\ArrayColumn->transform('', Object(stdClass), '')
#2 C:\xampp2\htdocs\project-wordpress\wp-content\plugins\woocommerce\packages\woocommerce-admin\src\RemoteInboxNotifications\OptionRuleProcessor.php(45): Automattic\WooCommerce\Admin\RemoteInboxNotifications\TransformerService::apply('', Array, '')
#3 C:\xampp2\htdocs\project-wordpress\wp-content\plugins\woocommerce\packages\woocommerce-admin\src\RemoteInboxNotifications\RuleEvaluator.php(62): Automattic\WooCommerce\Admin\RemoteInboxNotifications\OptionRuleProcessor->process(Object(stdClass), NULL)
#4 C:\xampp2\htdocs\project-wordpress\wp-content\plugins\woocommerce\packages\woocommerce-admin\src\Features\RemoteFreeExtensions\EvaluateExtension.php(27): Automattic\WooCommerce\Admin\RemoteInboxNotifications\RuleEvaluator->evaluate(Array)
#5 C:\xampp2\htdocs\project-wordpress\wp-content\plugins\woocommerce\packages\woocommerce-admin\src\Features\RemoteFreeExtensions\Init.php(48): Automattic\WooCommerce\Admin\Features\RemoteFreeExtensions\EvaluateExtension::evaluate(Object(stdClass))
#6 C:\xampp2\htdocs\project-wordpress\wp-content\plugins\woocommerce\packages\woocommerce-admin\src\API\OnboardingFreeExtensions.php(75): Automattic\WooCommerce\Admin\Features\RemoteFreeExtensions\Init::get_extensions()
#7 C:\xampp2\htdocs\project-wordpress\wp-includes\rest-api\class-wp-rest-server.php(1140): Automattic\WooCommerce\Admin\API\OnboardingFreeExtensions->get_available_extensions(Object(WP_REST_Request))
#8 C:\xampp2\htdocs\project-wordpress\wp-includes\rest-api\class-wp-rest-server.php(987): WP_REST_Server->respond_to_request(Object(WP_REST_Request), '/wc-admin/onboa...', Array, NULL)
#9 C:\xampp2\htdocs\project-wordpress\wp-includes\rest-api\class-wp-rest-server.php(414): WP_REST_Server->dispatch(Object(WP_REST_Request))
#10 C:\xampp2\htdocs\project-wordpress\wp-includes\rest-api.php(370): WP_REST_Server->serve_request('/wc-admin/onboa...')
#11 C:\xampp2\htdocs\project-wordpress\wp-includes\class-wp-hook.php(303): rest_api_loaded(Object(WP))
#12 C:\xampp2\htdocs\project-wordpress\wp-includes\class-wp-hook.php(327): WP_Hook->apply_filters(NULL, Array)
#13 C:\xampp2\htdocs\project-wordpress\wp-includes\plugin.php(518): WP_Hook->do_action(Array)
#14 C:\xampp2\htdocs\project-wordpress\wp-includes\class-wp.php(388): do_action_ref_array('parse_request', Array)
#15 C:\xampp2\htdocs\project-wordpress\wp-includes\class-wp.php(750): WP->parse_request('')
#16 C:\xampp2\htdocs\project-wordpress\wp-includes\functions.php(1291): WP->main('')
#17 C:\xampp2\htdocs\project-wordpress\wp-blog-header.php(16): wp()
#18 C:\xampp2\htdocs\project-wordpress\index.php(17): require('C:\\xampp2\\htdoc...')
#19 {main}
  thrown in C:\xampp2\htdocs\project-wordpress\wp-content\plugins\woocommerce\packages\woocommerce-admin\src\RemoteInboxNotifications\Transformers\ArrayColumn.php on line 27

2021-11-06T07:48:23+00:00 CRITICAL Uncaught RuntimeException: Error saving action: Error saving action: Error on delete of 'C:\xampp2\tmp\#sql34a4_1448_2.MAI' (Errcode: 13 "Permission denied") in C:\xampp2\htdocs\project-wordpress\wp-content\plugins\woocommerce\packages\action-scheduler\classes\migration\ActionScheduler_DBStoreMigrator.php:44
Stack trace:
#0 C:\xampp2\htdocs\project-wordpress\wp-content\plugins\woocommerce\packages\action-scheduler\classes\data-stores\ActionScheduler_HybridStore.php(242): ActionScheduler_DBStoreMigrator->save_action(Object(ActionScheduler_Action), NULL)
#1 C:\xampp2\htdocs\project-wordpress\wp-content\plugins\woocommerce\packages\action-scheduler\classes\ActionScheduler_ActionFactory.php(177): ActionScheduler_HybridStore->save_action(Object(ActionScheduler_Action))
#2 C:\xampp2\htdocs\project-wordpress\wp-content\plugins\woocommerce\packages\action-scheduler\classes\ActionScheduler_ActionFactory.php(84): ActionScheduler_ActionFactory->store(Object(ActionScheduler_Action))
#3 C:\xampp2\htdocs\project-wordpress\wp-content\plugins\woocommerce\packages\action-scheduler\functions.php(36): ActionScheduler_ActionFactory->single('action_schedule...', Array, 1636184963, 'action-schedule...')
#4 C:\xampp2\htdocs\project-wordpress\wp-content\plugins\woocommerce\packages\action-scheduler\classes\migration\Scheduler.php(89): as_schedule_single_action(1636184963, 'action_schedule...', Array, 'action-schedule...')
#5 C:\xampp2\htdocs\project-wordpress\wp-content\plugins\woocommerce\packages\action-scheduler\classes\migration\Controller.php(119): Action_Scheduler\Migration\Scheduler->schedule_migration()
#6 C:\xampp2\htdocs\project-wordpress\wp-includes\class-wp-hook.php(303): Action_Scheduler\Migration\Controller->schedule_migration('')
#7 C:\xampp2\htdocs\project-wordpress\wp-includes\class-wp-hook.php(327): WP_Hook->apply_filters(NULL, Array)
#8 C:\xampp2\htdocs\project-wordpress\wp-includes\plugin.php(470): WP_Hook->do_action(Array)
#9 C:\xampp2\htdocs\project-wordpress\wp-settings.php(600): do_action('wp_loaded')
#10 C:\xampp2\htdocs\project-wordpress\wp-config.php(96): require_once('C:\\xampp2\\htdoc...')
#11 C:\xampp2\htdocs\project-wordpress\wp-load.php(50): require_once('C:\\xampp2\\htdoc...')
#12 C:\xampp2\htdocs\project-wordpress\wp-admin\admin.php(34): require_once('C:\\xampp2\\htdoc...')
#13 C:\xampp2\htdocs\project-wordpress\wp-admin\plugins.php(10): require_once('C:\\xampp2\\htdoc...')
#14 {main}
  thrown in C:\xampp2\htdocs\project-wordpress\wp-content\plugins\woocommerce\packages\action-scheduler\classes\migration\ActionScheduler_DBStoreMigrator.php on line 44

2021-11-06T07:48:27+00:00 CRITICAL Uncaught RuntimeException: Error saving action: Error saving action: Error on delete of 'C:\xampp2\tmp\#sql34a4_1449_2.MAI' (Errcode: 13 "Permission denied") in C:\xampp2\htdocs\project-wordpress\wp-content\plugins\woocommerce\packages\action-scheduler\classes\migration\ActionScheduler_DBStoreMigrator.php:44
Stack trace:
#0 C:\xampp2\htdocs\project-wordpress\wp-content\plugins\woocommerce\packages\action-scheduler\classes\data-stores\ActionScheduler_HybridStore.php(242): ActionScheduler_DBStoreMigrator->save_action(Object(ActionScheduler_Action), NULL)
#1 C:\xampp2\htdocs\project-wordpress\wp-content\plugins\woocommerce\packages\action-scheduler\classes\ActionScheduler_ActionFactory.php(177): ActionScheduler_HybridStore->save_action(Object(ActionScheduler_Action))
#2 C:\xampp2\htdocs\project-wordpress\wp-content\plugins\woocommerce\packages\action-scheduler\classes\ActionScheduler_ActionFactory.php(84): ActionScheduler_ActionFactory->store(Object(ActionScheduler_Action))
#3 C:\xampp2\htdocs\project-wordpress\wp-content\plugins\woocommerce\packages\action-scheduler\functions.php(36): ActionScheduler_ActionFactory->single('action_schedule...', Array, 1636184967, 'action-schedule...')
#4 C:\xampp2\htdocs\project-wordpress\wp-content\plugins\woocommerce\packages\action-scheduler\classes\migration\Scheduler.php(89): as_schedule_single_action(1636184967, 'action_schedule...', Array, 'action-schedule...')
#5 C:\xampp2\htdocs\project-wordpress\wp-content\plugins\woocommerce\packages\action-scheduler\classes\migration\Controller.php(119): Action_Scheduler\Migration\Scheduler->schedule_migration()
#6 C:\xampp2\htdocs\project-wordpress\wp-includes\class-wp-hook.php(303): Action_Scheduler\Migration\Controller->schedule_migration('')
#7 C:\xampp2\htdocs\project-wordpress\wp-includes\class-wp-hook.php(327): WP_Hook->apply_filters(NULL, Array)
#8 C:\xampp2\htdocs\project-wordpress\wp-includes\plugin.php(470): WP_Hook->do_action(Array)
#9 C:\xampp2\htdocs\project-wordpress\wp-settings.php(600): do_action('wp_loaded')
#10 C:\xampp2\htdocs\project-wordpress\wp-config.php(96): require_once('C:\\xampp2\\htdoc...')
#11 C:\xampp2\htdocs\project-wordpress\wp-load.php(50): require_once('C:\\xampp2\\htdoc...')
#12 C:\xampp2\htdocs\project-wordpress\wp-admin\admin.php(34): require_once('C:\\xampp2\\htdoc...')
#13 C:\xampp2\htdocs\project-wordpress\wp-admin\plugins.php(10): require_once('C:\\xampp2\\htdoc...')
#14 {main}
  thrown in C:\xampp2\htdocs\project-wordpress\wp-content\plugins\woocommerce\packages\action-scheduler\classes\migration\ActionScheduler_DBStoreMigrator.php on line 44

2021-11-06T07:48:40+00:00 CRITICAL Uncaught RuntimeException: Error saving action: Error saving action: Error on delete of 'C:\xampp2\tmp\#sql34a4_144c_2.MAI' (Errcode: 13 "Permission denied") in C:\xampp2\htdocs\project-wordpress\wp-content\plugins\woocommerce\packages\action-scheduler\classes\migration\ActionScheduler_DBStoreMigrator.php:44
Stack trace:
#0 C:\xampp2\htdocs\project-wordpress\wp-content\plugins\woocommerce\packages\action-scheduler\classes\data-stores\ActionScheduler_HybridStore.php(242): ActionScheduler_DBStoreMigrator->save_action(Object(ActionScheduler_Action), NULL)
#1 C:\xampp2\htdocs\project-wordpress\wp-content\plugins\woocommerce\packages\action-scheduler\classes\ActionScheduler_ActionFactory.php(177): ActionScheduler_HybridStore->save_action(Object(ActionScheduler_Action))
#2 C:\xampp2\htdocs\project-wordpress\wp-content\plugins\woocommerce\packages\action-scheduler\classes\ActionScheduler_ActionFactory.php(84): ActionScheduler_ActionFactory->store(Object(ActionScheduler_Action))
#3 C:\xampp2\htdocs\project-wordpress\wp-content\plugins\woocommerce\packages\action-scheduler\functions.php(36): ActionScheduler_ActionFactory->single('action_schedule...', Array, 1636184980, 'action-schedule...')
#4 C:\xampp2\htdocs\project-wordpress\wp-content\plugins\woocommerce\packages\action-scheduler\classes\migration\Scheduler.php(89): as_schedule_single_action(1636184980, 'action_schedule...', Array, 'action-schedule...')
#5 C:\xampp2\htdocs\project-wordpress\wp-content\plugins\woocommerce\packages\action-scheduler\classes\migration\Controller.php(119): Action_Scheduler\Migration\Scheduler->schedule_migration()
#6 C:\xampp2\htdocs\project-wordpress\wp-includes\class-wp-hook.php(303): Action_Scheduler\Migration\Controller->schedule_migration('')
#7 C:\xampp2\htdocs\project-wordpress\wp-includes\class-wp-hook.php(327): WP_Hook->apply_filters(NULL, Array)
#8 C:\xampp2\htdocs\project-wordpress\wp-includes\plugin.php(470): WP_Hook->do_action(Array)
#9 C:\xampp2\htdocs\project-wordpress\wp-settings.php(600): do_action('wp_loaded')
#10 C:\xampp2\htdocs\project-wordpress\wp-config.php(96): require_once('C:\\xampp2\\htdoc...')
#11 C:\xampp2\htdocs\project-wordpress\wp-load.php(50): require_once('C:\\xampp2\\htdoc...')
#12 C:\xampp2\htdocs\project-wordpress\wp-admin\admin.php(34): require_once('C:\\xampp2\\htdoc...')
#13 C:\xampp2\htdocs\project-wordpress\wp-admin\plugins.php(10): require_once('C:\\xampp2\\htdoc...')
#14 {main}
  thrown in C:\xampp2\htdocs\project-wordpress\wp-content\plugins\woocommerce\packages\action-scheduler\classes\migration\ActionScheduler_DBStoreMigrator.php on line 44

2021-11-06T07:50:40+00:00 CRITICAL Uncaught TypeError: count(): Argument #1 ($value) must be of type Countable|array, null given in C:\xampp2\htdocs\project-wordpress\wp-content\plugins\woocommerce\packages\woocommerce-admin\src\Features\Marketing.php:270
Stack trace:
#0 C:\xampp2\htdocs\project-wordpress\wp-content\plugins\woocommerce\packages\woocommerce-admin\src\Features\Marketing.php(270): count(NULL)
#1 C:\xampp2\htdocs\project-wordpress\wp-content\plugins\woocommerce\packages\woocommerce-admin\src\API\Marketing.php(118): Automattic\WooCommerce\Admin\Features\Marketing->get_knowledge_base_posts('marketing')
#2 C:\xampp2\htdocs\project-wordpress\wp-includes\rest-api\class-wp-rest-server.php(1140): Automattic\WooCommerce\Admin\API\Marketing->get_knowledge_base_posts(Object(WP_REST_Request))
#3 C:\xampp2\htdocs\project-wordpress\wp-includes\rest-api\class-wp-rest-server.php(987): WP_REST_Server->respond_to_request(Object(WP_REST_Request), '/wc-admin/marke...', Array, NULL)
#4 C:\xampp2\htdocs\project-wordpress\wp-includes\rest-api\class-wp-rest-server.php(414): WP_REST_Server->dispatch(Object(WP_REST_Request))
#5 C:\xampp2\htdocs\project-wordpress\wp-includes\rest-api.php(370): WP_REST_Server->serve_request('/wc-admin/marke...')
#6 C:\xampp2\htdocs\project-wordpress\wp-includes\class-wp-hook.php(303): rest_api_loaded(Object(WP))
#7 C:\xampp2\htdocs\project-wordpress\wp-includes\class-wp-hook.php(327): WP_Hook->apply_filters(NULL, Array)
#8 C:\xampp2\htdocs\project-wordpress\wp-includes\plugin.php(518): WP_Hook->do_action(Array)
#9 C:\xampp2\htdocs\project-wordpress\wp-includes\class-wp.php(388): do_action_ref_array('parse_request', Array)
#10 C:\xampp2\htdocs\project-wordpress\wp-includes\class-wp.php(750): WP->parse_request('')
#11 C:\xampp2\htdocs\project-wordpress\wp-includes\functions.php(1291): WP->main('')
#12 C:\xampp2\htdocs\project-wordpress\wp-blog-header.php(16): wp()
#13 C:\xampp2\htdocs\project-wordpress\index.php(17): require('C:\\xampp2\\htdoc...')
#14 {main}
  thrown in C:\xampp2\htdocs\project-wordpress\wp-content\plugins\woocommerce\packages\woocommerce-admin\src\Features\Marketing.php on line 270

